Determining if the pthread_create exist failed with the following output:
Change Dir: /home/renming/wslhome/cmu15-445/project/build/CMakeFiles/CMakeTmp

Run Build Command:"/usr/bin/make" "cmTC_d0094/fast"
/usr/bin/make -f CMakeFiles/cmTC_d0094.dir/build.make CMakeFiles/cmTC_d0094.dir/build
make[1]: Entering directory '/mnt/e/wslhome/cmu15-445/project/build/CMakeFiles/CMakeTmp'
Building C object CMakeFiles/cmTC_d0094.dir/CheckSymbolExists.c.o
/usr/bin/cc    -o CMakeFiles/cmTC_d0094.dir/CheckSymbolExists.c.o   -c /home/renming/wslhome/cmu15-445/project/build/CMakeFiles/CMakeTmp/CheckSymbolExists.c
Linking C executable cmTC_d0094
/usr/bin/cmake -E cmake_link_script CMakeFiles/cmTC_d0094.dir/link.txt --verbose=1
/usr/bin/cc      -rdynamic CMakeFiles/cmTC_d0094.dir/CheckSymbolExists.c.o  -o cmTC_d0094 
CMakeFiles/cmTC_d0094.dir/CheckSymbolExists.c.o: In function `main':
CheckSymbolExists.c:(.text+0x1b): undefined reference to `pthread_create'
collect2: error: ld returned 1 exit status
CMakeFiles/cmTC_d0094.dir/build.make:97: recipe for target 'cmTC_d0094' failed
make[1]: *** [cmTC_d0094] Error 1
make[1]: Leaving directory '/mnt/e/wslhome/cmu15-445/project/build/CMakeFiles/CMakeTmp'
Makefile:126: recipe for target 'cmTC_d0094/fast' failed
make: *** [cmTC_d0094/fast] Error 2

File /home/renming/wslhome/cmu15-445/project/build/CMakeFiles/CMakeTmp/CheckSymbolExists.c:
/* */
#include <pthread.h>

int main(int argc, char** argv)
{
  (void)argv;
#ifndef pthread_create
  return ((int*)(&pthread_create))[argc];
#else
  (void)argc;
  return 0;
#endif
}

Determining if the function pthread_create exists in the pthreads failed with the following output:
Change Dir: /home/renming/wslhome/cmu15-445/project/build/CMakeFiles/CMakeTmp

Run Build Command:"/usr/bin/make" "cmTC_486e2/fast"
/usr/bin/make -f CMakeFiles/cmTC_486e2.dir/build.make CMakeFiles/cmTC_486e2.dir/build
make[1]: Entering directory '/mnt/e/wslhome/cmu15-445/project/build/CMakeFiles/CMakeTmp'
Building C object CMakeFiles/cmTC_486e2.dir/CheckFunctionExists.c.o
/usr/bin/cc   -DCHECK_FUNCTION_EXISTS=pthread_create   -o CMakeFiles/cmTC_486e2.dir/CheckFunctionExists.c.o   -c /usr/share/cmake-3.10/Modules/CheckFunctionExists.c
Linking C executable cmTC_486e2
/usr/bin/cmake -E cmake_link_script CMakeFiles/cmTC_486e2.dir/link.txt --verbose=1
/usr/bin/cc  -DCHECK_FUNCTION_EXISTS=pthread_create    -rdynamic CMakeFiles/cmTC_486e2.dir/CheckFunctionExists.c.o  -o cmTC_486e2 -lpthreads 
/usr/bin/ld: cannot find -lpthreads
collect2: error: ld returned 1 exit status
CMakeFiles/cmTC_486e2.dir/build.make:97: recipe for target 'cmTC_486e2' failed
make[1]: *** [cmTC_486e2] Error 1
make[1]: Leaving directory '/mnt/e/wslhome/cmu15-445/project/build/CMakeFiles/CMakeTmp'
Makefile:126: recipe for target 'cmTC_486e2/fast' failed
make: *** [cmTC_486e2/fast] Error 2


